C:\USERS\SAM\DROPBOX\UNIVERSITY WORK SYNC\ICT290\ASSIGNMENT 1\PROJECT\ASSIGNMENT 1\DEBUG\AABBNODE.OBJ
C:\USERS\SAM\DROPBOX\UNIVERSITY WORK SYNC\ICT290\ASSIGNMENT 1\PROJECT\ASSIGNMENT 1\DEBUG\CAMERA.OBJ
C:\USERS\SAM\DROPBOX\UNIVERSITY WORK SYNC\ICT290\ASSIGNMENT 1\PROJECT\ASSIGNMENT 1\DEBUG\CAMERAMAP.OBJ
C:\USERS\SAM\DROPBOX\UNIVERSITY WORK SYNC\ICT290\ASSIGNMENT 1\PROJECT\ASSIGNMENT 1\DEBUG\COLLISION.OBJ
C:\USERS\SAM\DROPBOX\UNIVERSITY WORK SYNC\ICT290\ASSIGNMENT 1\PROJECT\ASSIGNMENT 1\DEBUG\EASYSOUND.OBJ
C:\USERS\SAM\DROPBOX\UNIVERSITY WORK SYNC\ICT290\ASSIGNMENT 1\PROJECT\ASSIGNMENT 1\DEBUG\MATHLIB.OBJ
C:\USERS\SAM\DROPBOX\UNIVERSITY WORK SYNC\ICT290\ASSIGNMENT 1\PROJECT\ASSIGNMENT 1\DEBUG\PHYSICS.OBJ
C:\USERS\SAM\DROPBOX\UNIVERSITY WORK SYNC\ICT290\ASSIGNMENT 1\PROJECT\ASSIGNMENT 1\DEBUG\PLAINLINKEDLIST.OBJ
C:\USERS\SAM\DROPBOX\UNIVERSITY WORK SYNC\ICT290\ASSIGNMENT 1\PROJECT\ASSIGNMENT 1\DEBUG\PLAINNODE.OBJ
C:\USERS\SAM\DROPBOX\UNIVERSITY WORK SYNC\ICT290\ASSIGNMENT 1\PROJECT\ASSIGNMENT 1\DEBUG\PLAYER.OBJ
C:\USERS\SAM\DROPBOX\UNIVERSITY WORK SYNC\ICT290\ASSIGNMENT 1\PROJECT\ASSIGNMENT 1\DEBUG\SOUND.OBJ
C:\USERS\SAM\DROPBOX\UNIVERSITY WORK SYNC\ICT290\ASSIGNMENT 1\PROJECT\ASSIGNMENT 1\DEBUG\SOUNDTIME.OBJ
C:\USERS\SAM\DROPBOX\UNIVERSITY WORK SYNC\ICT290\ASSIGNMENT 1\PROJECT\ASSIGNMENT 1\DEBUG\TEXTUREDPOLYGONS.OBJ
C:\USERS\SAM\DROPBOX\UNIVERSITY WORK SYNC\ICT290\ASSIGNMENT 1\PROJECT\ASSIGNMENT 1\DEBUG\ANGLES.OBJ
C:\USERS\SAM\DROPBOX\UNIVERSITY WORK SYNC\ICT290\ASSIGNMENT 1\PROJECT\ASSIGNMENT 1\DEBUG\BOUND_BOX.OBJ
C:\USERS\SAM\DROPBOX\UNIVERSITY WORK SYNC\ICT290\ASSIGNMENT 1\PROJECT\ASSIGNMENT 1\DEBUG\WORLD_GEOMETRY.OBJ
C:\USERS\SAM\DROPBOX\UNIVERSITY WORK SYNC\ICT290\ASSIGNMENT 1\PROJECT\ASSIGNMENT 1\DEBUG\POLYGON.OBJ
C:\USERS\SAM\DROPBOX\UNIVERSITY WORK SYNC\ICT290\ASSIGNMENT 1\PROJECT\ASSIGNMENT 1\DEBUG\VECTOR.OBJ
C:\USERS\SAM\DROPBOX\UNIVERSITY WORK SYNC\ICT290\ASSIGNMENT 1\PROJECT\ASSIGNMENT 1\DEBUG\AABB.OBJ
C:\USERS\SAM\DROPBOX\UNIVERSITY WORK SYNC\ICT290\ASSIGNMENT 1\PROJECT\ASSIGNMENT 1\DEBUG\AABBLINKEDLIST.OBJ
C:\USERS\SAM\DROPBOX\UNIVERSITY WORK SYNC\ICT290\ASSIGNMENT 1\PROJECT\ASSIGNMENT 1\DEBUG\VC110.PDB
C:\USERS\SAM\DROPBOX\UNIVERSITY WORK SYNC\ICT290\ASSIGNMENT 1\PROJECT\ASSIGNMENT 1\DEBUG\TEST_MAIN.OBJ
C:\USERS\SAM\DROPBOX\UNIVERSITY WORK SYNC\ICT290\ASSIGNMENT 1\PROJECT\ASSIGNMENT 1\DEBUG\MAIN.OBJ
C:\USERS\SAM\DROPBOX\UNIVERSITY WORK SYNC\ICT290\ASSIGNMENT 1\PROJECT\DEBUG\ASSIGNMENT 1.ILK
C:\USERS\SAM\DROPBOX\UNIVERSITY WORK SYNC\ICT290\ASSIGNMENT 1\PROJECT\DEBUG\ASSIGNMENT 1.EXE
C:\USERS\SAM\DROPBOX\UNIVERSITY WORK SYNC\ICT290\ASSIGNMENT 1\PROJECT\DEBUG\ASSIGNMENT 1.PDB
C:\Users\Sam\Dropbox\University Work Sync\ICT290\Assignment 1\Project\Assignment 1\Debug\AABB.obj
C:\Users\Sam\Dropbox\University Work Sync\ICT290\Assignment 1\Project\Assignment 1\Debug\AABBLinkedList.obj
C:\Users\Sam\Dropbox\University Work Sync\ICT290\Assignment 1\Project\Assignment 1\Debug\AABBNode.obj
C:\Users\Sam\Dropbox\University Work Sync\ICT290\Assignment 1\Project\Assignment 1\Debug\angles.obj
C:\Users\Sam\Dropbox\University Work Sync\ICT290\Assignment 1\Project\Assignment 1\Debug\bound_box.obj
C:\Users\Sam\Dropbox\University Work Sync\ICT290\Assignment 1\Project\Assignment 1\Debug\camera.obj
C:\Users\Sam\Dropbox\University Work Sync\ICT290\Assignment 1\Project\Assignment 1\Debug\cameraMap.obj
C:\Users\Sam\Dropbox\University Work Sync\ICT290\Assignment 1\Project\Assignment 1\Debug\collision.obj
C:\Users\Sam\Dropbox\University Work Sync\ICT290\Assignment 1\Project\Assignment 1\Debug\EasySound.obj
C:\Users\Sam\Dropbox\University Work Sync\ICT290\Assignment 1\Project\Assignment 1\Debug\main.obj
C:\Users\Sam\Dropbox\University Work Sync\ICT290\Assignment 1\Project\Assignment 1\Debug\mathlib.obj
C:\Users\Sam\Dropbox\University Work Sync\ICT290\Assignment 1\Project\Assignment 1\Debug\physics.obj
C:\Users\Sam\Dropbox\University Work Sync\ICT290\Assignment 1\Project\Assignment 1\Debug\PlainLinkedList.obj
C:\Users\Sam\Dropbox\University Work Sync\ICT290\Assignment 1\Project\Assignment 1\Debug\PlainNode.obj
C:\Users\Sam\Dropbox\University Work Sync\ICT290\Assignment 1\Project\Assignment 1\Debug\player.obj
C:\Users\Sam\Dropbox\University Work Sync\ICT290\Assignment 1\Project\Assignment 1\Debug\polygon.obj
C:\Users\Sam\Dropbox\University Work Sync\ICT290\Assignment 1\Project\Assignment 1\Debug\Sound.obj
C:\Users\Sam\Dropbox\University Work Sync\ICT290\Assignment 1\Project\Assignment 1\Debug\SoundTime.obj
C:\Users\Sam\Dropbox\University Work Sync\ICT290\Assignment 1\Project\Assignment 1\Debug\test_main.obj
C:\Users\Sam\Dropbox\University Work Sync\ICT290\Assignment 1\Project\Assignment 1\Debug\texturedPolygons.obj
C:\Users\Sam\Dropbox\University Work Sync\ICT290\Assignment 1\Project\Assignment 1\Debug\vector.obj
C:\Users\Sam\Dropbox\University Work Sync\ICT290\Assignment 1\Project\Assignment 1\Debug\world_geometry.obj
C:\Users\Sam\Dropbox\University Work Sync\ICT290\Assignment 1\Project\Assignment 1\Debug\cl.command.1.tlog
C:\Users\Sam\Dropbox\University Work Sync\ICT290\Assignment 1\Project\Assignment 1\Debug\CL.read.1.tlog
C:\Users\Sam\Dropbox\University Work Sync\ICT290\Assignment 1\Project\Assignment 1\Debug\CL.write.1.tlog
C:\Users\Sam\Dropbox\University Work Sync\ICT290\Assignment 1\Project\Assignment 1\Debug\link-cvtres.read.1.tlog
C:\Users\Sam\Dropbox\University Work Sync\ICT290\Assignment 1\Project\Assignment 1\Debug\link-cvtres.write.1.tlog
C:\Users\Sam\Dropbox\University Work Sync\ICT290\Assignment 1\Project\Assignment 1\Debug\link-rc.read.1.tlog
C:\Users\Sam\Dropbox\University Work Sync\ICT290\Assignment 1\Project\Assignment 1\Debug\link-rc.write.1.tlog
C:\Users\Sam\Dropbox\University Work Sync\ICT290\Assignment 1\Project\Assignment 1\Debug\link.5156-cvtres.read.1.tlog
C:\Users\Sam\Dropbox\University Work Sync\ICT290\Assignment 1\Project\Assignment 1\Debug\link.5156-cvtres.write.1.tlog
C:\Users\Sam\Dropbox\University Work Sync\ICT290\Assignment 1\Project\Assignment 1\Debug\link.5156-rc.read.1.tlog
C:\Users\Sam\Dropbox\University Work Sync\ICT290\Assignment 1\Project\Assignment 1\Debug\link.5156-rc.write.1.tlog
C:\Users\Sam\Dropbox\University Work Sync\ICT290\Assignment 1\Project\Assignment 1\Debug\link.5156.read.1.tlog
C:\Users\Sam\Dropbox\University Work Sync\ICT290\Assignment 1\Project\Assignment 1\Debug\link.5156.write.1.tlog
C:\Users\Sam\Dropbox\University Work Sync\ICT290\Assignment 1\Project\Assignment 1\Debug\link.command.1.tlog
C:\Users\Sam\Dropbox\University Work Sync\ICT290\Assignment 1\Project\Assignment 1\Debug\link.read.1.tlog
C:\Users\Sam\Dropbox\University Work Sync\ICT290\Assignment 1\Project\Assignment 1\Debug\link.write.1.tlog
C:\Users\Sam\Dropbox\University Work Sync\ICT290\Assignment 1\Project\Assignment 1\Debug\vc110.idb
C:\Users\Sam\Dropbox\University Work Sync\ICT290\Assignment 1\Project\Assignment 1\Debug\vc110.pdb
C:\Users\Sam\Dropbox\University Work Sync\ICT290\Assignment 1\Project\Debug\Assignment 1.pdb
